05-31 15:20:56.312 http-nio-8080-exec-1 ERROR c.m.w.w.r.web.v1.RestApiController    49 에러내용:org.mybatis.spring.MyBatisSystemException: nested exception is org.apache.ibatis.builder.IncompleteElementException: Could not find result map mapper.SendLog.CustomSendlLogVo 데이터:{"reqSeq":"tesT","seq":"efa90953-0eb6-47c6-93ad-93c6c0a3897d","ecareNo":"1","channel":"S","resultSeq":"1234","listSeq":null,"svcId":"SVCID","reqUserId":"REQUSERID","reqDeptId":"rEQDEPTID","reqDt":null,"reqTm":null,"tmplType":"J","receiverId":null,"receiverNm":null,"receiver":null,"senderNm":null,"sender":null,"subject":null,"sendFg":"R","secuKey":null,"securityPath":null,"errorMsg":null,"previewType":null,"reservedDate":null,"datCnt":0,"filePath1":null,"filePath2":null,"filePath3":null,"spfidd":null,"jonmun":"","slot1":null,"slot2":null,"slot3":null,"slot4":null,"slot5":null,"slot6":null,"slot7":null,"slot8":null,"slot9":null,"slot10":null}
05-31 15:22:32.690 http-nio-8080-exec-2 ERROR c.m.w.w.r.web.v1.RestApiController    49 에러내용:org.mybatis.spring.MyBatisSystemException: nested exception is org.apache.ibatis.builder.IncompleteElementException: Could not find result map mapper.SendLog.CustomSendlLogVo 데이터:{"reqSeq":"tesT","seq":"9d6ed716-e312-45a7-bb7a-0556f24545d9","ecareNo":"1","channel":"S","resultSeq":"1234","listSeq":null,"svcId":"SVCID","reqUserId":"REQUSERID","reqDeptId":"rEQDEPTID","reqDt":null,"reqTm":null,"tmplType":"J","receiverId":null,"receiverNm":null,"receiver":null,"senderNm":null,"sender":null,"subject":null,"sendFg":"R","secuKey":null,"securityPath":null,"errorMsg":null,"previewType":null,"reservedDate":null,"datCnt":0,"filePath1":null,"filePath2":null,"filePath3":null,"spfidd":null,"jonmun":"","slot1":null,"slot2":null,"slot3":null,"slot4":null,"slot5":null,"slot6":null,"slot7":null,"slot8":null,"slot9":null,"slot10":null}
05-31 15:23:39.805 http-nio-8080-exec-5 ERROR c.m.w.w.r.web.v1.RestApiController    49 에러내용:org.mybatis.spring.MyBatisSystemException: nested exception is org.apache.ibatis.exceptions.PersistenceException: 
### Error updating database.  Cause: org.springframework.jdbc.CannotGetJdbcConnectionException: Could not get JDBC Connection; nested exception is java.sql.SQLException: Cannot create PoolableConnectionFactory (ORA-01017: invalid username/password; logon denied
)
### Cause: org.springframework.jdbc.CannotGetJdbcConnectionException: Could not get JDBC Connection; nested exception is java.sql.SQLException: Cannot create PoolableConnectionFactory (ORA-01017: invalid username/password; logon denied
) 데이터:{"reqSeq":"tesT","seq":"6db29b08-49ee-4ae6-916a-3ca7730e7bd9","ecareNo":"1","channel":"S","resultSeq":"1234","listSeq":null,"svcId":"SVCID","reqUserId":"REQUSERID","reqDeptId":"rEQDEPTID","reqDt":null,"reqTm":null,"tmplType":"J","receiverId":null,"receiverNm":null,"receiver":null,"senderNm":null,"sender":null,"subject":null,"sendFg":"R","secuKey":null,"securityPath":null,"errorMsg":null,"previewType":null,"reservedDate":null,"datCnt":0,"filePath1":null,"filePath2":null,"filePath3":null,"spfidd":null,"jonmun":"","slot1":null,"slot2":null,"slot3":null,"slot4":null,"slot5":null,"slot6":null,"slot7":null,"slot8":null,"slot9":null,"slot10":null}
05-31 15:23:57.683 http-nio-8080-exec-3 ERROR c.m.w.w.r.web.v1.RestApiController    49 에러내용:org.mybatis.spring.MyBatisSystemException: nested exception is org.apache.ibatis.exceptions.PersistenceException: 
### Error updating database.  Cause: org.springframework.jdbc.CannotGetJdbcConnectionException: Could not get JDBC Connection; nested exception is java.sql.SQLException: Cannot create PoolableConnectionFactory (ORA-01017: invalid username/password; logon denied
)
### Cause: org.springframework.jdbc.CannotGetJdbcConnectionException: Could not get JDBC Connection; nested exception is java.sql.SQLException: Cannot create PoolableConnectionFactory (ORA-01017: invalid username/password; logon denied
) 데이터:{"reqSeq":"tesT","seq":"1edcf590-db67-4359-a465-29bfe55980ef","ecareNo":"1","channel":"S","resultSeq":"1234","listSeq":null,"svcId":"SVCID","reqUserId":"REQUSERID","reqDeptId":"rEQDEPTID","reqDt":null,"reqTm":null,"tmplType":"J","receiverId":null,"receiverNm":null,"receiver":null,"senderNm":null,"sender":null,"subject":null,"sendFg":"R","secuKey":null,"securityPath":null,"errorMsg":null,"previewType":null,"reservedDate":null,"datCnt":0,"filePath1":null,"filePath2":null,"filePath3":null,"spfidd":null,"jonmun":"","slot1":null,"slot2":null,"slot3":null,"slot4":null,"slot5":null,"slot6":null,"slot7":null,"slot8":null,"slot9":null,"slot10":null}
05-31 15:25:30.308 http-nio-8080-exec-2 ERROR c.m.w.w.r.web.v1.RestApiController    49 에러내용:org.mybatis.spring.MyBatisSystemException: nested exception is org.apache.ibatis.exceptions.PersistenceException: 
### Error updating database.  Cause: org.springframework.jdbc.CannotGetJdbcConnectionException: Could not get JDBC Connection; nested exception is java.sql.SQLException: Cannot create PoolableConnectionFactory (ORA-01017: invalid username/password; logon denied
)
### Cause: org.springframework.jdbc.CannotGetJdbcConnectionException: Could not get JDBC Connection; nested exception is java.sql.SQLException: Cannot create PoolableConnectionFactory (ORA-01017: invalid username/password; logon denied
) 데이터:{"reqSeq":"tesT","seq":"3cb87b00-c43c-465b-8430-db726205b99d","ecareNo":"1","channel":"S","resultSeq":"1234","listSeq":null,"svcId":"SVCID","reqUserId":"REQUSERID","reqDeptId":"rEQDEPTID","reqDt":null,"reqTm":null,"tmplType":"J","receiverId":null,"receiverNm":null,"receiver":null,"senderNm":null,"sender":null,"subject":null,"sendFg":"R","secuKey":null,"securityPath":null,"errorMsg":null,"previewType":null,"reservedDate":null,"datCnt":0,"filePath1":null,"filePath2":null,"filePath3":null,"spfidd":null,"jonmun":"","slot1":null,"slot2":null,"slot3":null,"slot4":null,"slot5":null,"slot6":null,"slot7":null,"slot8":null,"slot9":null,"slot10":null}
05-31 15:26:06.685 http-nio-8080-exec-1 ERROR c.m.w.w.r.web.v1.RestApiController    49 에러내용:org.mybatis.spring.MyBatisSystemException: nested exception is org.apache.ibatis.exceptions.PersistenceException: 
### Error updating database.  Cause: org.springframework.jdbc.CannotGetJdbcConnectionException: Could not get JDBC Connection; nested exception is java.sql.SQLException: Cannot create PoolableConnectionFactory (ORA-01017: invalid username/password; logon denied
)
### Cause: org.springframework.jdbc.CannotGetJdbcConnectionException: Could not get JDBC Connection; nested exception is java.sql.SQLException: Cannot create PoolableConnectionFactory (ORA-01017: invalid username/password; logon denied
) 데이터:{"reqSeq":"tesT","seq":"a9c83d03-3cba-4774-9df6-dc610a92685e","ecareNo":"1","channel":"S","resultSeq":"1234","listSeq":null,"svcId":"SVCID","reqUserId":"REQUSERID","reqDeptId":"rEQDEPTID","reqDt":null,"reqTm":null,"tmplType":"J","receiverId":null,"receiverNm":null,"receiver":null,"senderNm":null,"sender":null,"subject":null,"sendFg":"R","secuKey":null,"securityPath":null,"errorMsg":null,"previewType":null,"reservedDate":null,"datCnt":0,"filePath1":null,"filePath2":null,"filePath3":null,"spfidd":null,"jonmun":"","slot1":null,"slot2":null,"slot3":null,"slot4":null,"slot5":null,"slot6":null,"slot7":null,"slot8":null,"slot9":null,"slot10":null}
05-31 15:27:17.820 http-nio-8080-exec-2 ERROR c.m.w.w.r.web.v1.RestApiController    49 에러내용:org.springframework.dao.DataIntegrityViolationException: 
### Error updating database.  Cause: java.sql.SQLIntegrityConstraintViolationException: ORA-01400: NULL을 ("MAILADMIN"."NVREALTIMEACCEPT"."RECEIVER_ID") 안에 삽입할 수 없습니다

### The error may involve mapper.RealTimeAccept.insertRealTimeAccept-Inline
### The error occurred while setting parameters
### SQL: INSERT INTO nvrealtimeaccept        (         seq         ,ecare_no          ,result_seq          ,channel          ,req_user_id          ,req_dt          ,req_tm          ,tmpl_type          ,receiver_id          ,receiver_nm          ,receiver          ,sender_nm          ,sender          ,subject          ,send_fg          ,secu_key          ,preview_type          ,data_cnt          ,file_path1          ,file_path2          ,file_path3         ,jonmun         ,slot1           ,slot2           ,slot3           ,slot4           ,slot5           ,slot6           ,slot7           ,slot8           ,slot9           ,slot10         ,req_seq          )   VALUES   (     ?    ,?    ,0    ,?     ,?     ,to_char(sysdate, 'yyyyMMdd')    ,to_char(sysdate, 'hh24mmss')    ,?     ,?    ,?    ,?    ,?    ,?    ,?    ,?    ,?    ,'N'    ,?    ,?    ,?    ,?     ,?         ,?    ,?    ,?    ,?    ,?    ,?    ,?    ,?     ,?    ,?    ,?   )
### Cause: java.sql.SQLIntegrityConstraintViolationException: ORA-01400: NULL을 ("MAILADMIN"."NVREALTIMEACCEPT"."RECEIVER_ID") 안에 삽입할 수 없습니다

; SQL []; ORA-01400: NULL을 ("MAILADMIN"."NVREALTIMEACCEPT"."RECEIVER_ID") 안에 삽입할 수 없습니다
; nested exception is java.sql.SQLIntegrityConstraintViolationException: ORA-01400: NULL을 ("MAILADMIN"."NVREALTIMEACCEPT"."RECEIVER_ID") 안에 삽입할 수 없습니다
 데이터:{"reqSeq":"tesT","seq":"381b3d3e-9dc5-467f-ba20-f5cfd16fbcce","ecareNo":"1","channel":"S","resultSeq":"1234","listSeq":null,"svcId":"SVCID","reqUserId":"REQUSERID","reqDeptId":"rEQDEPTID","reqDt":null,"reqTm":null,"tmplType":"J","receiverId":null,"receiverNm":null,"receiver":null,"senderNm":null,"sender":null,"subject":null,"sendFg":"R","secuKey":null,"securityPath":null,"errorMsg":null,"previewType":null,"reservedDate":null,"datCnt":0,"filePath1":null,"filePath2":null,"filePath3":null,"spfidd":null,"jonmun":"","slot1":null,"slot2":null,"slot3":null,"slot4":null,"slot5":null,"slot6":null,"slot7":null,"slot8":null,"slot9":null,"slot10":null}
05-31 15:28:28.174 http-nio-8080-exec-5 ERROR c.m.w.w.r.web.v1.RestApiController    49 에러내용:org.springframework.dao.DataIntegrityViolationException: 
### Error updating database.  Cause: java.sql.SQLIntegrityConstraintViolationException: ORA-01400: NULL을 ("MAILADMIN"."NVREALTIMEACCEPT"."RECEIVER_ID") 안에 삽입할 수 없습니다

### The error may involve mapper.RealTimeAccept.insertRealTimeAccept-Inline
### The error occurred while setting parameters
### SQL: INSERT INTO nvrealtimeaccept        (         seq         ,ecare_no          ,result_seq          ,channel          ,req_user_id          ,req_dt          ,req_tm          ,tmpl_type          ,receiver_id          ,receiver_nm          ,receiver          ,sender_nm          ,sender          ,subject          ,send_fg          ,secu_key          ,preview_type          ,data_cnt          ,file_path1          ,file_path2          ,file_path3         ,jonmun         ,slot1           ,slot2           ,slot3           ,slot4           ,slot5           ,slot6           ,slot7           ,slot8           ,slot9           ,slot10         ,req_seq          )   VALUES   (     ?    ,?    ,0    ,?     ,?     ,to_char(sysdate, 'yyyyMMdd')    ,to_char(sysdate, 'hh24mmss')    ,?     ,?    ,?    ,?    ,?    ,?    ,?    ,?    ,?    ,'N'    ,?    ,?    ,?    ,?     ,?         ,?    ,?    ,?    ,?    ,?    ,?    ,?    ,?     ,?    ,?    ,?   )
### Cause: java.sql.SQLIntegrityConstraintViolationException: ORA-01400: NULL을 ("MAILADMIN"."NVREALTIMEACCEPT"."RECEIVER_ID") 안에 삽입할 수 없습니다

; SQL []; ORA-01400: NULL을 ("MAILADMIN"."NVREALTIMEACCEPT"."RECEIVER_ID") 안에 삽입할 수 없습니다
; nested exception is java.sql.SQLIntegrityConstraintViolationException: ORA-01400: NULL을 ("MAILADMIN"."NVREALTIMEACCEPT"."RECEIVER_ID") 안에 삽입할 수 없습니다
 데이터:{"reqSeq":"tesT","seq":"ef40439a-0d75-4cfb-92fb-c71235fbf5a1","ecareNo":"1","channel":"S","resultSeq":"1234","listSeq":null,"svcId":"SVCID","reqUserId":"REQUSERID","reqDeptId":"rEQDEPTID","reqDt":null,"reqTm":null,"tmplType":"J","receiverId":null,"receiverNm":null,"receiver":null,"senderNm":null,"sender":null,"subject":null,"sendFg":"R","secuKey":null,"securityPath":null,"errorMsg":null,"previewType":null,"reservedDate":null,"datCnt":0,"filePath1":null,"filePath2":null,"filePath3":null,"spfidd":null,"jonmun":"","slot1":null,"slot2":null,"slot3":null,"slot4":null,"slot5":null,"slot6":null,"slot7":null,"slot8":null,"slot9":null,"slot10":null}
05-31 15:29:17.977 http-nio-8080-exec-2 ERROR c.m.w.w.r.web.v1.RestApiController    49 에러내용:org.springframework.dao.DataIntegrityViolationException: 
### Error updating database.  Cause: java.sql.SQLIntegrityConstraintViolationException: ORA-01400: NULL을 ("MAILADMIN"."NVREALTIMEACCEPT"."RECEIVER_ID") 안에 삽입할 수 없습니다

### The error may involve mapper.RealTimeAccept.insertRealTimeAccept-Inline
### The error occurred while setting parameters
### SQL: INSERT INTO nvrealtimeaccept        (         seq         ,ecare_no          ,result_seq          ,channel          ,req_user_id          ,req_dt          ,req_tm          ,tmpl_type          ,receiver_id          ,receiver_nm          ,receiver          ,sender_nm          ,sender          ,subject          ,send_fg          ,secu_key          ,preview_type          ,data_cnt          ,file_path1          ,file_path2          ,file_path3         ,jonmun         ,slot1           ,slot2           ,slot3           ,slot4           ,slot5           ,slot6           ,slot7           ,slot8           ,slot9           ,slot10         ,req_seq          )   VALUES   (     ?    ,?    ,0    ,?     ,?     ,to_char(sysdate, 'yyyyMMdd')    ,to_char(sysdate, 'hh24mmss')    ,?     ,?    ,?    ,?    ,?    ,?    ,?    ,?    ,?    ,'N'    ,?    ,?    ,?    ,?     ,?         ,?    ,?    ,?    ,?    ,?    ,?    ,?    ,?     ,?    ,?    ,?   )
### Cause: java.sql.SQLIntegrityConstraintViolationException: ORA-01400: NULL을 ("MAILADMIN"."NVREALTIMEACCEPT"."RECEIVER_ID") 안에 삽입할 수 없습니다

; SQL []; ORA-01400: NULL을 ("MAILADMIN"."NVREALTIMEACCEPT"."RECEIVER_ID") 안에 삽입할 수 없습니다
; nested exception is java.sql.SQLIntegrityConstraintViolationException: ORA-01400: NULL을 ("MAILADMIN"."NVREALTIMEACCEPT"."RECEIVER_ID") 안에 삽입할 수 없습니다
 데이터:{"reqSeq":"tesT","seq":"754b3396-d2dd-4b30-91d8-1af940c49afe","ecareNo":"1","channel":"S","resultSeq":"1234","listSeq":null,"svcId":"SVCID","reqUserId":"REQUSERID","reqDeptId":"rEQDEPTID","reqDt":null,"reqTm":null,"tmplType":"J","receiverId":null,"receiverNm":null,"receiver":null,"senderNm":null,"sender":null,"subject":null,"sendFg":"R","secuKey":null,"securityPath":null,"errorMsg":null,"previewType":null,"reservedDate":null,"datCnt":0,"filePath1":null,"filePath2":null,"filePath3":null,"spfidd":null,"jonmun":"","slot1":null,"slot2":null,"slot3":null,"slot4":null,"slot5":null,"slot6":null,"slot7":null,"slot8":null,"slot9":null,"slot10":null}
